<?xml version="1.0" encoding="UTF-8"?>
<!-- Generated by org.testng.reporters.JUnitReportReporter -->
<testsuite hostname="ASCINLAP61453" failures="0" tests="3" name="com.flipkart.tests.loginsnap" time="53.910" errors="0" timestamp="2025-10-23T14:50:27 IST" skipped="0">
  <testcase classname="com.flipkart.tests.loginsnap" name="verifylogin" time="18.913"/>
  <testcase classname="com.flipkart.tests.loginsnap" name="verifylogin" time="16.212"/>
  <testcase classname="com.flipkart.tests.loginsnap" name="verifylogin" time="18.785"/>
</testsuite> <!-- com.flipkart.tests.loginsnap -->
