<?xml version="1.0" encoding="UTF-8"?>
<!-- Generated by org.testng.reporters.JUnitReportReporter -->
<testsuite hostname="ASCINLAP61453" failures="0" tests="3" name="com.flipkart.tests.loginflipkart" time="35.689" errors="0" timestamp="2025-10-27T11:13:40 IST" skipped="1">
  <testcase classname="com.flipkart.tests.loginflipkart" name="searchSamsungS25EdgeAndAdd" time="27.794"/>
  <testcase classname="com.flipkart.tests.loginflipkart" name="searchSamsungTabAndAdd" time="7.895"/>
  <testcase classname="com.flipkart.tests.loginflipkart" name="logout">
    <skipped/>
  </testcase> <!-- logout -->
</testsuite> <!-- com.flipkart.tests.loginflipkart -->
